<?xml version="1.0" encoding="UTF-8"?>
<testng-results skipped="0" failed="2" total="2" passed="0">
  <reporter-output>
  </reporter-output>
  <suite name="Telstra Assignment" duration-ms="137119" started-at="2020-04-16T01:45:30Z" finished-at="2020-04-16T01:47:47Z">
    <groups>
    </groups>
    <test name="Search Product without Login" duration-ms="137119" started-at="2020-04-16T01:45:30Z" finished-at="2020-04-16T01:47:47Z">
      <class name="com.wipro.android.search.SearchProductTest">
        <test-method status="PASS" signature="setUp(java.lang.String)[pri:0, instance:com.wipro.android.search.SearchProductTest@6f1fba17]" name="setUp" is-config="true" duration-ms="9199" started-at="2020-04-16T07:15:30Z" finished-at="2020-04-16T07:15:39Z">
          <params>
            <param index="0">
              <value>
                <![CDATA[products.xml]]>
              </value>
            </param>
          </params>
          <reporter-output>
          </reporter-output>
        </test-method> <!-- setUp -->
        <test-method status="PASS" signature="handleTestMethodName(org.testng.ITestContext, [Ljava.lang.Object;)[pri:0, instance:com.wipro.android.search.SearchProductTest@6f1fba17]" name="handleTestMethodName" is-config="true" duration-ms="3" started-at="2020-04-16T07:15:39Z" finished-at="2020-04-16T07:15:39Z">
          <params>
            <param index="0">
              <value>
                <![CDATA[org.testng.TestRunner@60c16548]]>
              </value>
            </param>
            <param index="1">
              <value>
                <![CDATA[[Ljava.lang.Object;@68105edc]]>
              </value>
            </param>
          </params>
          <reporter-output>
          </reporter-output>
        </test-method> <!-- handleTestMethodName -->
        <test-method status="FAIL" signature="searchProduct(java.lang.String, com.wipro.android.testdata.TestParameters)[pri:0, instance:com.wipro.android.search.SearchProductTest@6f1fba17]" name="searchProduct" duration-ms="62403" started-at="2020-04-16T07:15:39Z" data-provider="testData" finished-at="2020-04-16T07:16:41Z">
          <params>
            <param index="0">
              <value>
                <![CDATA[Searching for 65 inch TV]]>
              </value>
            </param>
            <param index="1">
              <value>
                <![CDATA[com.wipro.android.testdata.TestParameters@1169afe1]]>
              </value>
            </param>
          </params>
          <exception class="java.lang.AssertionError">
            <message>
              <![CDATA[Expected product value does not match actual product value expected [true] but found [false]]]>
            </message>
            <full-stacktrace>
              <![CDATA[java.lang.AssertionError: Expected product value does not match actual product value expected [true] but found [false]
	at org.testng.Assert.fail(Assert.java:94)
	at org.testng.Assert.failNotEquals(Assert.java:513)
	at org.testng.Assert.assertTrue(Assert.java:42)
	at com.wipro.android.search.SearchProductTest.searchProduct(SearchProductTest.java:46)
	at sun.reflect.NativeMethodAccessorImpl.invoke0(Native Method)
	at sun.reflect.NativeMethodAccessorImpl.invoke(NativeMethodAccessorImpl.java:62)
	at sun.reflect.DelegatingMethodAccessorImpl.invoke(DelegatingMethodAccessorImpl.java:43)
	at java.lang.reflect.Method.invoke(Method.java:498)
	at org.testng.internal.MethodInvocationHelper.invokeMethod(MethodInvocationHelper.java:86)
	at org.testng.internal.Invoker.invokeMethod(Invoker.java:643)
	at org.testng.internal.Invoker.invokeTestMethod(Invoker.java:820)
	at org.testng.internal.Invoker.invokeTestMethods(Invoker.java:1128)
	at org.testng.internal.TestMethodWorker.invokeTestMethods(TestMethodWorker.java:129)
	at org.testng.internal.TestMethodWorker.run(TestMethodWorker.java:112)
	at org.testng.TestRunner.privateRun(TestRunner.java:782)
	at org.testng.TestRunner.run(TestRunner.java:632)
	at org.testng.SuiteRunner.runTest(SuiteRunner.java:366)
	at org.testng.SuiteRunner.runSequentially(SuiteRunner.java:361)
	at org.testng.SuiteRunner.privateRun(SuiteRunner.java:319)
	at org.testng.SuiteRunner.run(SuiteRunner.java:268)
	at org.testng.SuiteRunnerWorker.runSuite(SuiteRunnerWorker.java:52)
	at org.testng.SuiteRunnerWorker.run(SuiteRunnerWorker.java:86)
	at org.testng.TestNG.runSuitesSequentially(TestNG.java:1244)
	at org.testng.TestNG.runSuitesLocally(TestNG.java:1169)
	at org.testng.TestNG.run(TestNG.java:1064)
	at org.testng.remote.AbstractRemoteTestNG.run(AbstractRemoteTestNG.java:114)
	at org.testng.remote.RemoteTestNG.initAndRun(RemoteTestNG.java:251)
	at org.testng.remote.RemoteTestNG.main(RemoteTestNG.java:77)
]]>
            </full-stacktrace>
          </exception> <!-- java.lang.AssertionError -->
          <reporter-output>
          </reporter-output>
        </test-method> <!-- searchProduct -->
        <test-method status="PASS" signature="closeApp(org.testng.ITestResult, org.testng.ITestContext)[pri:0, instance:com.wipro.android.search.SearchProductTest@6f1fba17]" name="closeApp" is-config="true" duration-ms="1555" started-at="2020-04-16T07:16:41Z" finished-at="2020-04-16T07:16:43Z">
          <params>
            <param index="0">
              <value>
                <![CDATA[[TestResult name=searchProduct status=FAILURE method=SearchProductTest.searchProduct(java.lang.String, com.wipro.android.testdata.TestParameters)[pri:0, instance:com.wipro.android.search.SearchProductTest@6f1fba17] output={null}]]]>
              </value>
            </param>
            <param index="1">
              <value>
                <![CDATA[org.testng.TestRunner@60c16548]]>
              </value>
            </param>
          </params>
          <reporter-output>
          </reporter-output>
        </test-method> <!-- closeApp -->
        <test-method status="PASS" signature="handleTestMethodName(org.testng.ITestContext, [Ljava.lang.Object;)[pri:0, instance:com.wipro.android.search.SearchProductTest@6f1fba17]" name="handleTestMethodName" is-config="true" duration-ms="0" started-at="2020-04-16T07:16:43Z" finished-at="2020-04-16T07:16:43Z">
          <params>
            <param index="0">
              <value>
                <![CDATA[org.testng.TestRunner@60c16548]]>
              </value>
            </param>
            <param index="1">
              <value>
                <![CDATA[[Ljava.lang.Object;@511816c0]]>
              </value>
            </param>
          </params>
          <reporter-output>
          </reporter-output>
        </test-method> <!-- handleTestMethodName -->
        <test-method status="FAIL" signature="searchProduct(java.lang.String, com.wipro.android.testdata.TestParameters)[pri:0, instance:com.wipro.android.search.SearchProductTest@6f1fba17]" name="searchProduct" duration-ms="62465" started-at="2020-04-16T07:16:43Z" data-provider="testData" finished-at="2020-04-16T07:17:45Z">
          <params>
            <param index="0">
              <value>
                <![CDATA[Searching for 50 inch TV]]>
              </value>
            </param>
            <param index="1">
              <value>
                <![CDATA[com.wipro.android.testdata.TestParameters@53499d85]]>
              </value>
            </param>
          </params>
          <exception class="java.lang.AssertionError">
            <message>
              <![CDATA[Expected product value does not match actual product value expected [true] but found [false]]]>
            </message>
            <full-stacktrace>
              <![CDATA[java.lang.AssertionError: Expected product value does not match actual product value expected [true] but found [false]
	at org.testng.Assert.fail(Assert.java:94)
	at org.testng.Assert.failNotEquals(Assert.java:513)
	at org.testng.Assert.assertTrue(Assert.java:42)
	at com.wipro.android.search.SearchProductTest.searchProduct(SearchProductTest.java:46)
	at sun.reflect.NativeMethodAccessorImpl.invoke0(Native Method)
	at sun.reflect.NativeMethodAccessorImpl.invoke(NativeMethodAccessorImpl.java:62)
	at sun.reflect.DelegatingMethodAccessorImpl.invoke(DelegatingMethodAccessorImpl.java:43)
	at java.lang.reflect.Method.invoke(Method.java:498)
	at org.testng.internal.MethodInvocationHelper.invokeMethod(MethodInvocationHelper.java:86)
	at org.testng.internal.Invoker.invokeMethod(Invoker.java:643)
	at org.testng.internal.Invoker.invokeTestMethod(Invoker.java:820)
	at org.testng.internal.Invoker.invokeTestMethods(Invoker.java:1128)
	at org.testng.internal.TestMethodWorker.invokeTestMethods(TestMethodWorker.java:129)
	at org.testng.internal.TestMethodWorker.run(TestMethodWorker.java:112)
	at org.testng.TestRunner.privateRun(TestRunner.java:782)
	at org.testng.TestRunner.run(TestRunner.java:632)
	at org.testng.SuiteRunner.runTest(SuiteRunner.java:366)
	at org.testng.SuiteRunner.runSequentially(SuiteRunner.java:361)
	at org.testng.SuiteRunner.privateRun(SuiteRunner.java:319)
	at org.testng.SuiteRunner.run(SuiteRunner.java:268)
	at org.testng.SuiteRunnerWorker.runSuite(SuiteRunnerWorker.java:52)
	at org.testng.SuiteRunnerWorker.run(SuiteRunnerWorker.java:86)
	at org.testng.TestNG.runSuitesSequentially(TestNG.java:1244)
	at org.testng.TestNG.runSuitesLocally(TestNG.java:1169)
	at org.testng.TestNG.run(TestNG.java:1064)
	at org.testng.remote.AbstractRemoteTestNG.run(AbstractRemoteTestNG.java:114)
	at org.testng.remote.RemoteTestNG.initAndRun(RemoteTestNG.java:251)
	at org.testng.remote.RemoteTestNG.main(RemoteTestNG.java:77)
]]>
            </full-stacktrace>
          </exception> <!-- java.lang.AssertionError -->
          <reporter-output>
          </reporter-output>
        </test-method> <!-- searchProduct -->
        <test-method status="PASS" signature="closeApp(org.testng.ITestResult, org.testng.ITestContext)[pri:0, instance:com.wipro.android.search.SearchProductTest@6f1fba17]" name="closeApp" is-config="true" duration-ms="1481" started-at="2020-04-16T07:17:45Z" finished-at="2020-04-16T07:17:47Z">
          <params>
            <param index="0">
              <value>
                <![CDATA[[TestResult name=searchProduct status=FAILURE method=SearchProductTest.searchProduct(java.lang.String, com.wipro.android.testdata.TestParameters)[pri:0, instance:com.wipro.android.search.SearchProductTest@6f1fba17] output={null}]]]>
              </value>
            </param>
            <param index="1">
              <value>
                <![CDATA[org.testng.TestRunner@60c16548]]>
              </value>
            </param>
          </params>
          <reporter-output>
          </reporter-output>
        </test-method> <!-- closeApp -->
        <test-method status="PASS" signature="afterSuite()[pri:0, instance:com.wipro.android.search.SearchProductTest@6f1fba17]" name="afterSuite" is-config="true" duration-ms="256" started-at="2020-04-16T07:17:47Z" finished-at="2020-04-16T07:17:47Z">
          <reporter-output>
          </reporter-output>
        </test-method> <!-- afterSuite -->
      </class> <!-- com.wipro.android.search.SearchProductTest -->
    </test> <!-- Search Product without Login -->
  </suite> <!-- Telstra Assignment -->
</testng-results>
